{
  "stats": {
    "suites": 12,
    "tests": 41,
    "passes": 26,
    "pending": 0,
    "failures": 15,
    "start": "2021-12-29T17:27:49.866Z",
    "end": "2021-12-29T17:29:11.276Z",
    "duration": 81410,
    "testsRegistered": 41,
    "passPercent": 63.41463414634146,
    "pendingPercent": 0,
    "other": 0,
    "hasOther": false,
    "skipped": 0,
    "hasSkipped": false
  },
  "results": [
    {
      "uuid": "3643dc52-2a71-4a22-b2ca-3f25c5d480a5",
      "title": "",
      "fullFile": "cypress/integration/project.spec.js",
      "file": "cypress/integration/project.spec.js",
      "beforeHooks": [],
      "afterHooks": [],
      "tests": [],
      "suites": [
        {
          "uuid": "a7da6c1c-ec41-4f53-8ed0-269d0383bc45",
          "title": "1 - Adicione à página o título \"Paleta de Cores\".",
          "fullFile": "",
          "file": "",
          "beforeHooks": [],
          "afterHooks": [],
          "tests": [
            {
              "title": "Verifica se contém um elemento `h1` com o id `title` com o título correto",
              "fullTitle": "1 - Adicione à página o título \"Paleta de Cores\". Verifica se contém um elemento `h1` com o id `title` com o título correto",
              "timedOut": null,
              "duration": 208,
              "state": "passed",
              "speed": "slow",
              "pass": true,
              "fail": false,
              "pending": false,
              "context": null,
              "code": "cy.get('h1#title').should('contain.text', 'Paleta de Cores');",
              "err": {},
              "uuid": "08327489-ef2c-49d5-b2bf-b0ee7d17e306",
              "parentUUID": "a7da6c1c-ec41-4f53-8ed0-269d0383bc45",
              "isHook": false,
              "skipped": false
            }
          ],
          "suites": [],
          "passes": [
            "08327489-ef2c-49d5-b2bf-b0ee7d17e306"
          ],
          "failures": [],
          "pending": [],
          "skipped": [],
          "duration": 208,
          "root": false,
          "rootEmpty": false,
          "_timeout": 2000
        },
        {
          "uuid": "a749e27f-bbd9-4381-bbdd-7140d1130b2b",
          "title": "2 - Adicione à página uma paleta de quatro cores distintas.",
          "fullFile": "",
          "file": "",
          "beforeHooks": [],
          "afterHooks": [],
          "tests": [
            {
              "title": "A paleta de cores deve ser um elemento com `id` denominado `color-palette`",
              "fullTitle": "2 - Adicione à página uma paleta de quatro cores distintas. A paleta de cores deve ser um elemento com `id` denominado `color-palette`",
              "timedOut": null,
              "duration": 125,
              "state": "passed",
              "speed": "slow",
              "pass": true,
              "fail": false,
              "pending": false,
              "context": null,
              "code": "cy.get('#color-palette').should('be.visible');\ncy.get('#color-palette').children('.color');",
              "err": {},
              "uuid": "c67dd001-a1a1-4e17-b971-66b946c14ad6",
              "parentUUID": "a749e27f-bbd9-4381-bbdd-7140d1130b2b",
              "isHook": false,
              "skipped": false
            },
            {
              "title": "Verifica se cada cor individual da paleta de cores possui a `classe` chamada `color`.",
              "fullTitle": "2 - Adicione à página uma paleta de quatro cores distintas. Verifica se cada cor individual da paleta de cores possui a `classe` chamada `color`.",
              "timedOut": null,
              "duration": 135,
              "state": "passed",
              "speed": "slow",
              "pass": true,
              "fail": false,
              "pending": false,
              "context": null,
              "code": "cy.get('.color').should('have.length', 4).then(function (colors) {\n  for (var i = 0; i < colors.length; i++) {\n    cy.wrap(colors[i]).should('be.visible');\n  }\n});",
              "err": {},
              "uuid": "c6f8d549-d702-4b5a-8677-cf1880777c61",
              "parentUUID": "a749e27f-bbd9-4381-bbdd-7140d1130b2b",
              "isHook": false,
              "skipped": false
            },
            {
              "title": "Verifica se a cor de fundo de cada elemento da paleta é a cor que o elemento representa. **A única cor não permitida na paleta é a cor branca.**",
              "fullTitle": "2 - Adicione à página uma paleta de quatro cores distintas. Verifica se a cor de fundo de cada elemento da paleta é a cor que o elemento representa. **A única cor não permitida na paleta é a cor branca.**",
              "timedOut": null,
              "duration": 174,
              "state": "passed",
              "speed": "slow",
              "pass": true,
              "fail": false,
              "pending": false,
              "context": null,
              "code": "cy.get('.color').each(function (color) {\n  cy.wrap(color).should('have.class', 'color').and('not.have.css', 'background-color', WHITE);\n  cy.wrap(color).should('have.css', 'background-color');\n});",
              "err": {},
              "uuid": "b3918907-00f4-4482-a827-c5930839d580",
              "parentUUID": "a749e27f-bbd9-4381-bbdd-7140d1130b2b",
              "isHook": false,
              "skipped": false
            },
            {
              "title": "Verifica se cada elemento da paleta de cores tem uma borda preta, sólida e com 1 pixel de largura;",
              "fullTitle": "2 - Adicione à página uma paleta de quatro cores distintas. Verifica se cada elemento da paleta de cores tem uma borda preta, sólida e com 1 pixel de largura;",
              "timedOut": null,
              "duration": 140,
              "state": "passed",
              "speed": "slow",
              "pass": true,
              "fail": false,
              "pending": false,
              "context": null,
              "code": "cy.get('.color').each(function (color) {\n  cy.wrap(color).and('have.css', 'border', \"1px solid \".concat(BLACK)).and('have.class', 'color');\n});",
              "err": {},
              "uuid": "a2bb5a0c-9e1d-4214-9ec3-97be9c1daee5",
              "parentUUID": "a749e27f-bbd9-4381-bbdd-7140d1130b2b",
              "isHook": false,
              "skipped": false
            },
            {
              "title": "Verifica se a paleta lista todas as cores disponíveis para utilização, lado a lado.",
              "fullTitle": "2 - Adicione à página uma paleta de quatro cores distintas. Verifica se a paleta lista todas as cores disponíveis para utilização, lado a lado.",
              "timedOut": null,
              "duration": 183,
              "state": "passed",
              "speed": "slow",
              "pass": true,
              "fail": false,
              "pending": false,
              "context": null,
              "code": "cy.get('.color').then(function (colors) {\n  for (var index = 1; index < colors.length; index += 1) {\n    var currentColor = colors[index];\n    var previousColor = colors[index - 1];\n    cy.wrap(currentColor).should('be.onTheRightOf', previousColor).and('be.horizontallyAlignedWith', previousColor);\n  }\n});",
              "err": {},
              "uuid": "7b6e5c27-4252-4334-a57d-d84d8fef317a",
              "parentUUID": "a749e27f-bbd9-4381-bbdd-7140d1130b2b",
              "isHook": false,
              "skipped": false
            },
            {
              "title": "Verifica se a paleta de cores está posicionada abaixo do título 'Paleta de Cores'",
              "fullTitle": "2 - Adicione à página uma paleta de quatro cores distintas. Verifica se a paleta de cores está posicionada abaixo do título 'Paleta de Cores'",
              "timedOut": null,
              "duration": 97,
              "state": "passed",
              "speed": "slow",
              "pass": true,
              "fail": false,
              "pending": false,
              "context": null,
              "code": "cy.get('h1#title').then(function (title) {\n  cy.get('#color-palette').should('be.belowOf', title);\n});",
              "err": {},
              "uuid": "d028a2df-953d-4a9e-900c-cc218c815d2f",
              "parentUUID": "a749e27f-bbd9-4381-bbdd-7140d1130b2b",
              "isHook": false,
              "skipped": false
            },
            {
              "title": "Verifica se a paleta de cores não contém cores repetidas.",
              "fullTitle": "2 - Adicione à página uma paleta de quatro cores distintas. Verifica se a paleta de cores não contém cores repetidas.",
              "timedOut": null,
              "duration": 128,
              "state": "passed",
              "speed": "slow",
              "pass": true,
              "fail": false,
              "pending": false,
              "context": null,
              "code": "cy.get('.color').then(function (colors) {\n  var allColors = Array.from(colors).map(function (color) {\n    return Cypress.$(color).css('background-color');\n  });\n  cy.log(allColors);\n  var uniqColors = (0, _toConsumableArray2[\"default\"])(new Set(allColors));\n  cy.log(uniqColors);\n  expect(allColors.length).to.eq(uniqColors.length);\n});",
              "err": {},
              "uuid": "d4fff2e5-609d-4651-b73b-8c096f98ad73",
              "parentUUID": "a749e27f-bbd9-4381-bbdd-7140d1130b2b",
              "isHook": false,
              "skipped": false
            }
          ],
          "suites": [],
          "passes": [
            "c67dd001-a1a1-4e17-b971-66b946c14ad6",
            "c6f8d549-d702-4b5a-8677-cf1880777c61",
            "b3918907-00f4-4482-a827-c5930839d580",
            "a2bb5a0c-9e1d-4214-9ec3-97be9c1daee5",
            "7b6e5c27-4252-4334-a57d-d84d8fef317a",
            "d028a2df-953d-4a9e-900c-cc218c815d2f",
            "d4fff2e5-609d-4651-b73b-8c096f98ad73"
          ],
          "failures": [],
          "pending": [],
          "skipped": [],
          "duration": 982,
          "root": false,
          "rootEmpty": false,
          "_timeout": 2000
        },
        {
          "uuid": "def49a5c-a5d6-4f76-9569-99b240ad30e9",
          "title": "3 - Adicione a cor **preta** como a primeira cor da paleta de cores.",
          "fullFile": "",
          "file": "",
          "beforeHooks": [],
          "afterHooks": [],
          "tests": [
            {
              "title": "Verifica se a primeira cor da paleta é preta",
              "fullTitle": "3 - Adicione a cor **preta** como a primeira cor da paleta de cores. Verifica se a primeira cor da paleta é preta",
              "timedOut": null,
              "duration": 101,
              "state": "passed",
              "speed": "slow",
              "pass": true,
              "fail": false,
              "pending": false,
              "context": null,
              "code": "cy.get('.color').first().should('have.css', 'background-color', BLACK);",
              "err": {},
              "uuid": "bc3626e2-0601-4d0e-a16c-97a8cc980904",
              "parentUUID": "def49a5c-a5d6-4f76-9569-99b240ad30e9",
              "isHook": false,
              "skipped": false
            },
            {
              "title": "Verifica se as demais cores podem ser escolhidas livremente.",
              "fullTitle": "3 - Adicione a cor **preta** como a primeira cor da paleta de cores. Verifica se as demais cores podem ser escolhidas livremente.",
              "timedOut": null,
              "duration": 181,
              "state": "passed",
              "speed": "slow",
              "pass": true,
              "fail": false,
              "pending": false,
              "context": null,
              "code": "cy.get('.color').eq(1).should('not.have.css', 'background-color', BLACK);\ncy.get('.color').eq(1).should('not.have.css', 'background-color', WHITE);\ncy.get('.color').eq(1).should('not.have.css', 'background-color', 'rgba(0, 0, 0, 0)');\ncy.get('.color').eq(1).should('have.css', 'background-color');\ncy.get('.color').eq(2).should('not.have.css', 'background-color', BLACK);\ncy.get('.color').eq(2).should('not.have.css', 'background-color', WHITE);\ncy.get('.color').eq(2).should('not.have.css', 'background-color', 'rgba(0, 0, 0, 0)');\ncy.get('.color').eq(2).should('have.css', 'background-color');\ncy.get('.color').eq(3).should('not.have.css', 'background-color', BLACK);\ncy.get('.color').eq(3).should('not.have.css', 'background-color', WHITE);\ncy.get('.color').eq(3).should('not.have.css', 'background-color', 'rgba(0, 0, 0, 0)');\ncy.get('.color').eq(3).should('have.css', 'background-color');",
              "err": {},
              "uuid": "a29d5426-f0dc-44a4-9d24-ef5a5190d880",
              "parentUUID": "def49a5c-a5d6-4f76-9569-99b240ad30e9",
              "isHook": false,
              "skipped": false
            }
          ],
          "suites": [],
          "passes": [
            "bc3626e2-0601-4d0e-a16c-97a8cc980904",
            "a29d5426-f0dc-44a4-9d24-ef5a5190d880"
          ],
          "failures": [],
          "pending": [],
          "skipped": [],
          "duration": 282,
          "root": false,
          "rootEmpty": false,
          "_timeout": 2000
        },
        {
          "uuid": "b487c4fb-8167-4754-868a-890445dcf2e8",
          "title": "4 - Adicione à página um quadro de pixels, com 25 pixels.",
          "fullFile": "",
          "file": "",
          "beforeHooks": [],
          "afterHooks": [],
          "tests": [
            {
              "title": "Verifica se o quadro de pixels possui o `id` denominado `pixel-board`",
              "fullTitle": "4 - Adicione à página um quadro de pixels, com 25 pixels. Verifica se o quadro de pixels possui o `id` denominado `pixel-board`",
              "timedOut": null,
              "duration": 123,
              "state": "passed",
              "speed": "slow",
              "pass": true,
              "fail": false,
              "pending": false,
              "context": null,
              "code": "cy.get('#pixel-board').should('be.visible');",
              "err": {},
              "uuid": "52f587d3-ea54-41a9-94c2-beb2c3c7c39c",
              "parentUUID": "b487c4fb-8167-4754-868a-890445dcf2e8",
              "isHook": false,
              "skipped": false
            },
            {
              "title": "Verifica se cada pixel individual dentro do quadro possui a `classe` denominada `pixel`.",
              "fullTitle": "4 - Adicione à página um quadro de pixels, com 25 pixels. Verifica se cada pixel individual dentro do quadro possui a `classe` denominada `pixel`.",
              "timedOut": null,
              "duration": 122,
              "state": "passed",
              "speed": "slow",
              "pass": true,
              "fail": false,
              "pending": false,
              "context": null,
              "code": "cy.get('.pixel').should('have.length', 25);",
              "err": {},
              "uuid": "202c6969-a63e-4f83-a3f2-8e134e4d7302",
              "parentUUID": "b487c4fb-8167-4754-868a-890445dcf2e8",
              "isHook": false,
              "skipped": false
            },
            {
              "title": "Verifica se a cor inicial dos pixels dentro do quadro, ao abrir a página, é branca.",
              "fullTitle": "4 - Adicione à página um quadro de pixels, com 25 pixels. Verifica se a cor inicial dos pixels dentro do quadro, ao abrir a página, é branca.",
              "timedOut": null,
              "duration": 198,
              "state": "passed",
              "speed": "slow",
              "pass": true,
              "fail": false,
              "pending": false,
              "context": null,
              "code": "cy.get('.pixel').should('have.length', 25).each(function (pixel) {\n  expect(pixel).to.have.css('background-color', WHITE);\n});",
              "err": {},
              "uuid": "2c82a7b2-d4bb-4e2c-8a59-758e650d3271",
              "parentUUID": "b487c4fb-8167-4754-868a-890445dcf2e8",
              "isHook": false,
              "skipped": false
            },
            {
              "title": "Verifica se o quadro de pixels aparece abaixo da paleta de cores",
              "fullTitle": "4 - Adicione à página um quadro de pixels, com 25 pixels. Verifica se o quadro de pixels aparece abaixo da paleta de cores",
              "timedOut": null,
              "duration": 84,
              "state": "passed",
              "speed": "slow",
              "pass": true,
              "fail": false,
              "pending": false,
              "context": null,
              "code": "cy.get('#color-palette').then(function (palette) {\n  cy.get('#pixel-board').should('be.belowOf', palette);\n});",
              "err": {},
              "uuid": "2510bb35-fad1-4916-a0c4-00d1dcdc47ac",
              "parentUUID": "b487c4fb-8167-4754-868a-890445dcf2e8",
              "isHook": false,
              "skipped": false
            }
          ],
          "suites": [],
          "passes": [
            "52f587d3-ea54-41a9-94c2-beb2c3c7c39c",
            "202c6969-a63e-4f83-a3f2-8e134e4d7302",
            "2c82a7b2-d4bb-4e2c-8a59-758e650d3271",
            "2510bb35-fad1-4916-a0c4-00d1dcdc47ac"
          ],
          "failures": [],
          "pending": [],
          "skipped": [],
          "duration": 527,
          "root": false,
          "rootEmpty": false,
          "_timeout": 2000
        },
        {
          "uuid": "08c21f32-7c5f-4c49-8ec4-6ff4e7be34cf",
          "title": "5 - Faça com que cada elemento do quadro de pixels possua 40 pixels de largura, 40 pixels de altura e seja delimitado por uma borda preta de 1 pixel.",
          "fullFile": "",
          "file": "",
          "beforeHooks": [],
          "afterHooks": [],
          "tests": [
            {
              "title": "Verifica se o quadro de pixels tem altura e comprimento de 5 elementos",
              "fullTitle": "5 - Faça com que cada elemento do quadro de pixels possua 40 pixels de largura, 40 pixels de altura e seja delimitado por uma borda preta de 1 pixel. Verifica se o quadro de pixels tem altura e comprimento de 5 elementos",
              "timedOut": null,
              "duration": 311,
              "state": "passed",
              "speed": "slow",
              "pass": true,
              "fail": false,
              "pending": false,
              "context": null,
              "code": "cy.get('.pixel').should('have.length', 25).each(function (pixel) {\n  expect(pixel).to.have.css('background-color', WHITE);\n}).and(function (pixels) {\n  var rows = chunk(pixels, 5);\n  rows.forEach(function (row) {\n    for (var index = 1; index < row.length; index += 1) {\n      var current = pixels[index];\n      var previous = pixels[index - 1];\n      cy.wrap(current).should('be.onTheRightOf', previous).and('be.horizontallyAlignedWith', previous);\n    }\n  });\n  for (var index = 1; index < 5; index += 1) {\n    expect(pixels[index * 5]).to.be.belowOf(pixels[(index - 1) * 5]);\n  }\n});",
              "err": {},
              "uuid": "409cace7-2b5f-4d97-9feb-10e951257ded",
              "parentUUID": "08c21f32-7c5f-4c49-8ec4-6ff4e7be34cf",
              "isHook": false,
              "skipped": false
            },
            {
              "title": "Verifica se 40 pixels é o tamanho total do elemento, incluindo seu conteúdo e excluindo a borda preta, que deve ser criada à parte.",
              "fullTitle": "5 - Faça com que cada elemento do quadro de pixels possua 40 pixels de largura, 40 pixels de altura e seja delimitado por uma borda preta de 1 pixel. Verifica se 40 pixels é o tamanho total do elemento, incluindo seu conteúdo e excluindo a borda preta, que deve ser criada à parte.",
              "timedOut": null,
              "duration": 4235,
              "state": "failed",
              "speed": null,
              "pass": false,
              "fail": true,
              "pending": false,
              "context": null,
              "code": "cy.get('.pixel').each(function (pixel) {\n  cy.wrap(pixel).should('have.css', 'height', '40px').and('have.css', 'width', '40px').and('have.css', 'border', \"1px solid \".concat(BLACK));\n});",
              "err": {
                "message": "CypressError: Timed out retrying: expected '<div.pixel>' to have CSS property 'height' with the value '40px', but the value was '39px'",
                "estack": "CypressError: Timed out retrying: expected '<div.pixel>' to have CSS property 'height' with the value '40px', but the value was '39px'\n    at cypressErr (http://localhost:36837/__cypress/runner/cypress_runner.js:149934:9)\n    at throwErr (http://localhost:36837/__cypress/runner/cypress_runner.js:149867:11)\n    at Object.throwErrByPath (http://localhost:36837/__cypress/runner/cypress_runner.js:149915:3)\n    at retry (http://localhost:36837/__cypress/runner/cypress_runner.js:144197:19)\n    at onFailFn (http://localhost:36837/__cypress/runner/cypress_runner.js:132448:16)\n    at tryCatcher (http://localhost:36837/__cypress/runner/cypress_runner.js:167415:23)\n    at Promise._settlePromiseFromHandler (http://localhost:36837/__cypress/runner/cypress_runner.js:165351:31)\n    at Promise._settlePromise (http://localhost:36837/__cypress/runner/cypress_runner.js:165408:18)\n    at Promise._settlePromise0 (http://localhost:36837/__cypress/runner/cypress_runner.js:165453:10)\n    at Promise._settlePromises (http://localhost:36837/__cypress/runner/cypress_runner.js:165528:18)\n    at Async../node_modules/bluebird/js/release/async.js.Async._drainQueue (http://localhost:36837/__cypress/runner/cypress_runner.js:162140:16)\n    at Async../node_modules/bluebird/js/release/async.js.Async._drainQueues (http://localhost:36837/__cypress/runner/cypress_runner.js:162150:10)\n    at Async.drainQueues (http://localhost:36837/__cypress/runner/cypress_runner.js:162024:14)",
                "diff": null
              },
              "uuid": "dd645a45-2bff-493c-b135-62f081bcff0c",
              "parentUUID": "08c21f32-7c5f-4c49-8ec4-6ff4e7be34cf",
              "isHook": false,
              "skipped": false
            }
          ],
          "suites": [],
          "passes": [
            "409cace7-2b5f-4d97-9feb-10e951257ded"
          ],
          "failures": [
            "dd645a45-2bff-493c-b135-62f081bcff0c"
          ],
          "pending": [],
          "skipped": [],
          "duration": 4546,
          "root": false,
          "rootEmpty": false,
          "_timeout": 2000
        },
        {
          "uuid": "29ed147a-1479-40af-b3fe-78e7497c827b",
          "title": "6 - Defina a cor preta como cor inicial. Ao carregar a página a cor preta já deve estar selecionada para pintar os pixels",
          "fullFile": "",
          "file": "",
          "beforeHooks": [],
          "afterHooks": [],
          "tests": [
            {
              "title": "Verifica se o elemento da cor preta possui, inicialmente, a `classe` `selected`",
              "fullTitle": "6 - Defina a cor preta como cor inicial. Ao carregar a página a cor preta já deve estar selecionada para pintar os pixels Verifica se o elemento da cor preta possui, inicialmente, a `classe` `selected`",
              "timedOut": null,
              "duration": 131,
              "state": "passed",
              "speed": "slow",
              "pass": true,
              "fail": false,
              "pending": false,
              "context": null,
              "code": "cy.get('.selected').first().should('have.css', 'background-color', BLACK);",
              "err": {},
              "uuid": "d78380c9-42fb-4c9c-a230-4bd2b55a576f",
              "parentUUID": "29ed147a-1479-40af-b3fe-78e7497c827b",
              "isHook": false,
              "skipped": false
            },
            {
              "title": "Verifica se nenhuma outra cor da paleta tem a `classe` `selected`",
              "fullTitle": "6 - Defina a cor preta como cor inicial. Ao carregar a página a cor preta já deve estar selecionada para pintar os pixels Verifica se nenhuma outra cor da paleta tem a `classe` `selected`",
              "timedOut": null,
              "duration": 90,
              "state": "passed",
              "speed": "slow",
              "pass": true,
              "fail": false,
              "pending": false,
              "context": null,
              "code": "cy.get('.color:not(:first-child)').each(function (color) {\n  cy.wrap(color).should('not.have.class', 'selected');\n});",
              "err": {},
              "uuid": "794e6d3d-4440-4885-9fae-92ed166ff56d",
              "parentUUID": "29ed147a-1479-40af-b3fe-78e7497c827b",
              "isHook": false,
              "skipped": false
            }
          ],
          "suites": [],
          "passes": [
            "d78380c9-42fb-4c9c-a230-4bd2b55a576f",
            "794e6d3d-4440-4885-9fae-92ed166ff56d"
          ],
          "failures": [],
          "pending": [],
          "skipped": [],
          "duration": 221,
          "root": false,
          "rootEmpty": false,
          "_timeout": 2000
        },
        {
          "uuid": "fb95e3da-01bf-4ebf-9fbd-2d0b6325d0fe",
          "title": "7 - Clicar em uma das cores da paleta, faz com que ela seja selecionada e utilizada para preencher os pixels no quadro.",
          "fullFile": "",
          "file": "",
          "beforeHooks": [],
          "afterHooks": [],
          "tests": [
            {
              "title": "Verifica se somente uma cor da paleta de cores tem a classe `selected` de cada vez",
              "fullTitle": "7 - Clicar em uma das cores da paleta, faz com que ela seja selecionada e utilizada para preencher os pixels no quadro. Verifica se somente uma cor da paleta de cores tem a classe `selected` de cada vez",
              "timedOut": null,
              "duration": 430,
              "state": "passed",
              "speed": "slow",
              "pass": true,
              "fail": false,
              "pending": false,
              "context": null,
              "code": "cy.get('.color').each(function (selectedColor, selectedColorIndex) {\n  cy.wrap(selectedColor).click();\n  cy.get('.color').each(function (color, colorIndex) {\n    if (colorIndex === selectedColorIndex) {\n      expect(color).to.have[\"class\"]('selected');\n    } else {\n      expect(color).not.to.have[\"class\"]('selected');\n    }\n  });\n});",
              "err": {},
              "uuid": "a63ba29e-72f7-4c98-aefa-c47cb5978e8b",
              "parentUUID": "fb95e3da-01bf-4ebf-9fbd-2d0b6325d0fe",
              "isHook": false,
              "skipped": false
            },
            {
              "title": "Verifica se os pixels dentro do quadro não têm a classe `selected` quando são clicados",
              "fullTitle": "7 - Clicar em uma das cores da paleta, faz com que ela seja selecionada e utilizada para preencher os pixels no quadro. Verifica se os pixels dentro do quadro não têm a classe `selected` quando são clicados",
              "timedOut": null,
              "duration": 7983,
              "state": "passed",
              "speed": "slow",
              "pass": true,
              "fail": false,
              "pending": false,
              "context": null,
              "code": "cy.get('.color').each(function (color) {\n  var backgroundColor = color.css('background-color');\n  cy.wrap(color).click();\n  cy.get('.pixel').each(function (pixel) {\n    cy.wrap(pixel).click().should('not.have.class', 'selected');\n  });\n});",
              "err": {},
              "uuid": "c456863d-2bcf-4344-bbf7-697205c59e26",
              "parentUUID": "fb95e3da-01bf-4ebf-9fbd-2d0b6325d0fe",
              "isHook": false,
              "skipped": false
            }
          ],
          "suites": [],
          "passes": [
            "a63ba29e-72f7-4c98-aefa-c47cb5978e8b",
            "c456863d-2bcf-4344-bbf7-697205c59e26"
          ],
          "failures": [],
          "pending": [],
          "skipped": [],
          "duration": 8413,
          "root": false,
          "rootEmpty": false,
          "_timeout": 2000
        },
        {
          "uuid": "b0c9773e-1517-4d38-a060-562a9057874d",
          "title": "8 - Clicar em um pixel dentro do quadro após selecionar uma cor na paleta, faz com que o pixel seja preenchido com a cor selecionada.",
          "fullFile": "",
          "file": "",
          "beforeHooks": [],
          "afterHooks": [],
          "tests": [
            {
              "title": "Verifica se ao carregar a página deve ser possível pintar os pixels de preto",
              "fullTitle": "8 - Clicar em um pixel dentro do quadro após selecionar uma cor na paleta, faz com que o pixel seja preenchido com a cor selecionada. Verifica se ao carregar a página deve ser possível pintar os pixels de preto",
              "timedOut": null,
              "duration": 2027,
              "state": "passed",
              "speed": "slow",
              "pass": true,
              "fail": false,
              "pending": false,
              "context": null,
              "code": "cy.get('.pixel').each(function (pixel) {\n  cy.wrap(pixel).click().should('have.css', 'background-color', BLACK);\n});",
              "err": {},
              "uuid": "2d3fc45b-dea1-4d8d-9d5b-869a600008da",
              "parentUUID": "b0c9773e-1517-4d38-a060-562a9057874d",
              "isHook": false,
              "skipped": false
            },
            {
              "title": "Verifica se após selecionar uma outra cor na paleta, é possível pintar os pixels com essa cor",
              "fullTitle": "8 - Clicar em um pixel dentro do quadro após selecionar uma cor na paleta, faz com que o pixel seja preenchido com a cor selecionada. Verifica se após selecionar uma outra cor na paleta, é possível pintar os pixels com essa cor",
              "timedOut": null,
              "duration": 7923,
              "state": "passed",
              "speed": "slow",
              "pass": true,
              "fail": false,
              "pending": false,
              "context": null,
              "code": "cy.get('.color').each(function (color) {\n  var backgroundColor = color.css('background-color');\n  cy.wrap(color).click();\n  cy.get('.pixel').each(function (pixel) {\n    cy.wrap(pixel).click().should('have.css', 'background-color', backgroundColor);\n  });\n});",
              "err": {},
              "uuid": "c7c50502-0688-4f0d-8506-39d8141f3ed9",
              "parentUUID": "b0c9773e-1517-4d38-a060-562a9057874d",
              "isHook": false,
              "skipped": false
            },
            {
              "title": "Verifica se somente o pixel que foi clicado foi preenchido com a cor selecionada, sem influenciar na cor dos demais pixels.",
              "fullTitle": "8 - Clicar em um pixel dentro do quadro após selecionar uma cor na paleta, faz com que o pixel seja preenchido com a cor selecionada. Verifica se somente o pixel que foi clicado foi preenchido com a cor selecionada, sem influenciar na cor dos demais pixels.",
              "timedOut": null,
              "duration": 1298,
              "state": "passed",
              "speed": "slow",
              "pass": true,
              "fail": false,
              "pending": false,
              "context": null,
              "code": "var colorToPixelIndexMap = {\n  0: 6,\n  1: 8,\n  2: 16,\n  3: 18\n};\ncy.get('.color').each(function (color, index) {\n  cy.wrap(color).click();\n  var backgroundColor = color.css('background-color');\n  var clickedPixelIndex = colorToPixelIndexMap[index];\n  cy.get('.pixel').eq(clickedPixelIndex).click();\n  cy.get('.pixel').eq(clickedPixelIndex - 1).should('not.have.css', 'background-color', backgroundColor);\n  cy.get('.pixel').eq(clickedPixelIndex + 1).should('not.have.css', 'background-color', backgroundColor);\n  cy.get('.pixel').eq(clickedPixelIndex - 5).should('not.have.css', 'background-color', backgroundColor);\n  cy.get('.pixel').eq(clickedPixelIndex + 5).should('not.have.css', 'background-color', backgroundColor);\n  cy.get('.pixel').eq(clickedPixelIndex - 6).should('not.have.css', 'background-color', backgroundColor);\n  cy.get('.pixel').eq(clickedPixelIndex - 4).should('not.have.css', 'background-color', backgroundColor);\n  cy.get('.pixel').eq(clickedPixelIndex + 4).should('not.have.css', 'background-color', backgroundColor);\n  cy.get('.pixel').eq(clickedPixelIndex + 6).should('not.have.css', 'background-color', backgroundColor);\n});",
              "err": {},
              "uuid": "1bab5432-02f0-4ed7-99bf-796e7ca9cdfb",
              "parentUUID": "b0c9773e-1517-4d38-a060-562a9057874d",
              "isHook": false,
              "skipped": false
            }
          ],
          "suites": [],
          "passes": [
            "2d3fc45b-dea1-4d8d-9d5b-869a600008da",
            "c7c50502-0688-4f0d-8506-39d8141f3ed9",
            "1bab5432-02f0-4ed7-99bf-796e7ca9cdfb"
          ],
          "failures": [],
          "pending": [],
          "skipped": [],
          "duration": 11248,
          "root": false,
          "rootEmpty": false,
          "_timeout": 2000
        },
        {
          "uuid": "e88d91c8-7d2c-436e-9b52-a6792e950cbe",
          "title": "9 - Crie um botão que, ao ser clicado, limpa o quadro preenchendo a cor de todos seus pixels com branco.",
          "fullFile": "",
          "file": "",
          "beforeHooks": [],
          "afterHooks": [],
          "tests": [
            {
              "title": "Verifica se o botão tem o `id` denominado `clear-board`",
              "fullTitle": "9 - Crie um botão que, ao ser clicado, limpa o quadro preenchendo a cor de todos seus pixels com branco. Verifica se o botão tem o `id` denominado `clear-board`",
              "timedOut": null,
              "duration": 165,
              "state": "passed",
              "speed": "slow",
              "pass": true,
              "fail": false,
              "pending": false,
              "context": null,
              "code": "cy.get('#clear-board').should('be.visible');",
              "err": {},
              "uuid": "28eecf70-edf4-45e8-a029-45026835d402",
              "parentUUID": "e88d91c8-7d2c-436e-9b52-a6792e950cbe",
              "isHook": false,
              "skipped": false
            },
            {
              "title": "Verifica se o botão está posicionado entre a paleta de cores e o quadro de pixels",
              "fullTitle": "9 - Crie um botão que, ao ser clicado, limpa o quadro preenchendo a cor de todos seus pixels com branco. Verifica se o botão está posicionado entre a paleta de cores e o quadro de pixels",
              "timedOut": null,
              "duration": 118,
              "state": "passed",
              "speed": "slow",
              "pass": true,
              "fail": false,
              "pending": false,
              "context": null,
              "code": "cy.get('#color-palette').then(function (palette) {\n  cy.get('#clear-board').should('be.belowOf', palette);\n});\ncy.get('#clear-board').then(function (clearBtn) {\n  cy.get('#pixel-board').should('be.belowOf', clearBtn);\n});",
              "err": {},
              "uuid": "81015a8b-fcb8-4f7c-9244-925658710625",
              "parentUUID": "e88d91c8-7d2c-436e-9b52-a6792e950cbe",
              "isHook": false,
              "skipped": false
            },
            {
              "title": "Verifica se o texto do botão é 'Limpar'",
              "fullTitle": "9 - Crie um botão que, ao ser clicado, limpa o quadro preenchendo a cor de todos seus pixels com branco. Verifica se o texto do botão é 'Limpar'",
              "timedOut": null,
              "duration": 65,
              "state": "passed",
              "speed": "medium",
              "pass": true,
              "fail": false,
              "pending": false,
              "context": null,
              "code": "cy.get('#clear-board').should('contain.text', 'Limpar');",
              "err": {},
              "uuid": "04314f08-4bcb-4e43-b6e7-b3254dd5b0d4",
              "parentUUID": "e88d91c8-7d2c-436e-9b52-a6792e950cbe",
              "isHook": false,
              "skipped": false
            },
            {
              "title": "Verifica se ao clicar no botão, o quadro de pixels é totalmente preenchido de branco",
              "fullTitle": "9 - Crie um botão que, ao ser clicado, limpa o quadro preenchendo a cor de todos seus pixels com branco. Verifica se ao clicar no botão, o quadro de pixels é totalmente preenchido de branco",
              "timedOut": null,
              "duration": 2150,
              "state": "passed",
              "speed": "slow",
              "pass": true,
              "fail": false,
              "pending": false,
              "context": null,
              "code": "cy.get('.color').eq(1).then(function (color) {\n  var backgroundColor = color.css('background-color');\n  cy.wrap(color).click();\n  cy.get('.pixel').each(function (pixel) {\n    cy.wrap(pixel).click().should('have.css', 'background-color', backgroundColor);\n  });\n});\ncy.get('#clear-board').click();\ncy.get('.pixel').each(function (pixel) {\n  cy.wrap(pixel).should('have.css', 'background-color', WHITE);\n});",
              "err": {},
              "uuid": "1f357712-abdd-4ec9-bd63-90bc2dc5ecf3",
              "parentUUID": "e88d91c8-7d2c-436e-9b52-a6792e950cbe",
              "isHook": false,
              "skipped": false
            }
          ],
          "suites": [],
          "passes": [
            "28eecf70-edf4-45e8-a029-45026835d402",
            "81015a8b-fcb8-4f7c-9244-925658710625",
            "04314f08-4bcb-4e43-b6e7-b3254dd5b0d4",
            "1f357712-abdd-4ec9-bd63-90bc2dc5ecf3"
          ],
          "failures": [],
          "pending": [],
          "skipped": [],
          "duration": 2498,
          "root": false,
          "rootEmpty": false,
          "_timeout": 2000
        },
        {
          "uuid": "e72e4e27-4d92-4f85-a065-ecc17eeab3f1",
          "title": "10 - Faça o quadro de pixels ter seu tamanho definido pelo usuário.",
          "fullFile": "",
          "file": "",
          "beforeHooks": [],
          "afterHooks": [],
          "tests": [
            {
              "title": "Verifica se existe um input com o id `board-size`",
              "fullTitle": "10 - Faça o quadro de pixels ter seu tamanho definido pelo usuário. Verifica se existe um input com o id `board-size`",
              "timedOut": null,
              "duration": 4281,
              "state": "failed",
              "speed": null,
              "pass": false,
              "fail": true,
              "pending": false,
              "context": null,
              "code": "cy.get('#board-size').should('be.visible');",
              "err": {
                "message": "CypressError: Timed out retrying: Expected to find element: '#board-size', but never found it.",
                "estack": "CypressError: Timed out retrying: Expected to find element: '#board-size', but never found it.\n    at cypressErr (http://localhost:36837/__cypress/runner/cypress_runner.js:149934:9)\n    at throwErr (http://localhost:36837/__cypress/runner/cypress_runner.js:149867:11)\n    at Object.throwErrByPath (http://localhost:36837/__cypress/runner/cypress_runner.js:149915:3)\n    at retry (http://localhost:36837/__cypress/runner/cypress_runner.js:144197:19)\n    at onFailFn (http://localhost:36837/__cypress/runner/cypress_runner.js:132448:16)\n    at tryCatcher (http://localhost:36837/__cypress/runner/cypress_runner.js:167415:23)\n    at Promise._settlePromiseFromHandler (http://localhost:36837/__cypress/runner/cypress_runner.js:165351:31)\n    at Promise._settlePromise (http://localhost:36837/__cypress/runner/cypress_runner.js:165408:18)\n    at Promise._settlePromise0 (http://localhost:36837/__cypress/runner/cypress_runner.js:165453:10)\n    at Promise._settlePromises (http://localhost:36837/__cypress/runner/cypress_runner.js:165528:18)\n    at Async../node_modules/bluebird/js/release/async.js.Async._drainQueue (http://localhost:36837/__cypress/runner/cypress_runner.js:162140:16)\n    at Async../node_modules/bluebird/js/release/async.js.Async._drainQueues (http://localhost:36837/__cypress/runner/cypress_runner.js:162150:10)\n    at Async.drainQueues (http://localhost:36837/__cypress/runner/cypress_runner.js:162024:14)",
                "diff": null
              },
              "uuid": "aecf0d8c-8d95-4126-96f3-354575be3489",
              "parentUUID": "e72e4e27-4d92-4f85-a065-ecc17eeab3f1",
              "isHook": false,
              "skipped": false
            },
            {
              "title": "Verifica se existe um botão com o id `generate-board`",
              "fullTitle": "10 - Faça o quadro de pixels ter seu tamanho definido pelo usuário. Verifica se existe um botão com o id `generate-board`",
              "timedOut": null,
              "duration": 4281,
              "state": "failed",
              "speed": null,
              "pass": false,
              "fail": true,
              "pending": false,
              "context": null,
              "code": "cy.get('#generate-board').should('be.visible');",
              "err": {
                "message": "CypressError: Timed out retrying: Expected to find element: '#generate-board', but never found it.",
                "estack": "CypressError: Timed out retrying: Expected to find element: '#generate-board', but never found it.\n    at cypressErr (http://localhost:36837/__cypress/runner/cypress_runner.js:149934:9)\n    at throwErr (http://localhost:36837/__cypress/runner/cypress_runner.js:149867:11)\n    at Object.throwErrByPath (http://localhost:36837/__cypress/runner/cypress_runner.js:149915:3)\n    at retry (http://localhost:36837/__cypress/runner/cypress_runner.js:144197:19)\n    at onFailFn (http://localhost:36837/__cypress/runner/cypress_runner.js:132448:16)\n    at tryCatcher (http://localhost:36837/__cypress/runner/cypress_runner.js:167415:23)\n    at Promise._settlePromiseFromHandler (http://localhost:36837/__cypress/runner/cypress_runner.js:165351:31)\n    at Promise._settlePromise (http://localhost:36837/__cypress/runner/cypress_runner.js:165408:18)\n    at Promise._settlePromise0 (http://localhost:36837/__cypress/runner/cypress_runner.js:165453:10)\n    at Promise._settlePromises (http://localhost:36837/__cypress/runner/cypress_runner.js:165528:18)\n    at Async../node_modules/bluebird/js/release/async.js.Async._drainQueue (http://localhost:36837/__cypress/runner/cypress_runner.js:162140:16)\n    at Async../node_modules/bluebird/js/release/async.js.Async._drainQueues (http://localhost:36837/__cypress/runner/cypress_runner.js:162150:10)\n    at Async.drainQueues (http://localhost:36837/__cypress/runner/cypress_runner.js:162024:14)",
                "diff": null
              },
              "uuid": "4443850c-bfd8-4024-bf9f-3568c12d7dda",
              "parentUUID": "e72e4e27-4d92-4f85-a065-ecc17eeab3f1",
              "isHook": false,
              "skipped": false
            },
            {
              "title": "Verifica se o input só aceita número maiores que zero. Essa restrição deve ser feita usando os atributos do elemento `input`",
              "fullTitle": "10 - Faça o quadro de pixels ter seu tamanho definido pelo usuário. Verifica se o input só aceita número maiores que zero. Essa restrição deve ser feita usando os atributos do elemento `input`",
              "timedOut": null,
              "duration": 4242,
              "state": "failed",
              "speed": null,
              "pass": false,
              "fail": true,
              "pending": false,
              "context": null,
              "code": "cy.get('#board-size[type=\\'number\\'][min=\\'1\\']');",
              "err": {
                "message": "CypressError: Timed out retrying: Expected to find element: '#board-size[type='number'][min='1']', but never found it.",
                "estack": "CypressError: Timed out retrying: Expected to find element: '#board-size[type='number'][min='1']', but never found it.\n    at cypressErr (http://localhost:36837/__cypress/runner/cypress_runner.js:149934:9)\n    at throwErr (http://localhost:36837/__cypress/runner/cypress_runner.js:149867:11)\n    at Object.throwErrByPath (http://localhost:36837/__cypress/runner/cypress_runner.js:149915:3)\n    at retry (http://localhost:36837/__cypress/runner/cypress_runner.js:144197:19)\n    at onFailFn (http://localhost:36837/__cypress/runner/cypress_runner.js:132448:16)\n    at tryCatcher (http://localhost:36837/__cypress/runner/cypress_runner.js:167415:23)\n    at Promise._settlePromiseFromHandler (http://localhost:36837/__cypress/runner/cypress_runner.js:165351:31)\n    at Promise._settlePromise (http://localhost:36837/__cypress/runner/cypress_runner.js:165408:18)\n    at Promise._settlePromise0 (http://localhost:36837/__cypress/runner/cypress_runner.js:165453:10)\n    at Promise._settlePromises (http://localhost:36837/__cypress/runner/cypress_runner.js:165528:18)\n    at Async../node_modules/bluebird/js/release/async.js.Async._drainQueue (http://localhost:36837/__cypress/runner/cypress_runner.js:162140:16)\n    at Async../node_modules/bluebird/js/release/async.js.Async._drainQueues (http://localhost:36837/__cypress/runner/cypress_runner.js:162150:10)\n    at Async.drainQueues (http://localhost:36837/__cypress/runner/cypress_runner.js:162024:14)",
                "diff": null
              },
              "uuid": "1f8ef181-3a88-4341-9e82-af3b023e4cc1",
              "parentUUID": "e72e4e27-4d92-4f85-a065-ecc17eeab3f1",
              "isHook": false,
              "skipped": false
            },
            {
              "title": "Verifica se o botão contém o texto 'VQV'",
              "fullTitle": "10 - Faça o quadro de pixels ter seu tamanho definido pelo usuário. Verifica se o botão contém o texto 'VQV'",
              "timedOut": null,
              "duration": 4232,
              "state": "failed",
              "speed": null,
              "pass": false,
              "fail": true,
              "pending": false,
              "context": null,
              "code": "cy.get('#generate-board').contains(/vqv/i);",
              "err": {
                "message": "CypressError: Timed out retrying: Expected to find element: '#generate-board', but never found it.",
                "estack": "CypressError: Timed out retrying: Expected to find element: '#generate-board', but never found it.\n    at cypressErr (http://localhost:36837/__cypress/runner/cypress_runner.js:149934:9)\n    at throwErr (http://localhost:36837/__cypress/runner/cypress_runner.js:149867:11)\n    at Object.throwErrByPath (http://localhost:36837/__cypress/runner/cypress_runner.js:149915:3)\n    at retry (http://localhost:36837/__cypress/runner/cypress_runner.js:144197:19)\n    at onFailFn (http://localhost:36837/__cypress/runner/cypress_runner.js:132448:16)\n    at tryCatcher (http://localhost:36837/__cypress/runner/cypress_runner.js:167415:23)\n    at Promise._settlePromiseFromHandler (http://localhost:36837/__cypress/runner/cypress_runner.js:165351:31)\n    at Promise._settlePromise (http://localhost:36837/__cypress/runner/cypress_runner.js:165408:18)\n    at Promise._settlePromise0 (http://localhost:36837/__cypress/runner/cypress_runner.js:165453:10)\n    at Promise._settlePromises (http://localhost:36837/__cypress/runner/cypress_runner.js:165528:18)\n    at Async../node_modules/bluebird/js/release/async.js.Async._drainQueue (http://localhost:36837/__cypress/runner/cypress_runner.js:162140:16)\n    at Async../node_modules/bluebird/js/release/async.js.Async._drainQueues (http://localhost:36837/__cypress/runner/cypress_runner.js:162150:10)\n    at Async.drainQueues (http://localhost:36837/__cypress/runner/cypress_runner.js:162024:14)",
                "diff": null
              },
              "uuid": "852e72b4-e825-43bc-8e81-1f3fab77fe87",
              "parentUUID": "e72e4e27-4d92-4f85-a065-ecc17eeab3f1",
              "isHook": false,
              "skipped": false
            },
            {
              "title": "Verifica se o input está posicionado entre a paleta de cores e o quadro de pixels",
              "fullTitle": "10 - Faça o quadro de pixels ter seu tamanho definido pelo usuário. Verifica se o input está posicionado entre a paleta de cores e o quadro de pixels",
              "timedOut": null,
              "duration": 4220,
              "state": "failed",
              "speed": null,
              "pass": false,
              "fail": true,
              "pending": false,
              "context": null,
              "code": "cy.get('#color-palette').then(function (palette) {\n  cy.get('#board-size').should('be.belowOf', palette);\n});\ncy.get('#board-size').then(function (palette) {\n  cy.get('#pixel-board').should('be.belowOf', palette);\n});",
              "err": {
                "message": "CypressError: Timed out retrying: Expected to find element: '#board-size', but never found it.",
                "estack": "CypressError: Timed out retrying: Expected to find element: '#board-size', but never found it.\n    at cypressErr (http://localhost:36837/__cypress/runner/cypress_runner.js:149934:9)\n    at throwErr (http://localhost:36837/__cypress/runner/cypress_runner.js:149867:11)\n    at Object.throwErrByPath (http://localhost:36837/__cypress/runner/cypress_runner.js:149915:3)\n    at retry (http://localhost:36837/__cypress/runner/cypress_runner.js:144197:19)\n    at onFailFn (http://localhost:36837/__cypress/runner/cypress_runner.js:132448:16)\n    at tryCatcher (http://localhost:36837/__cypress/runner/cypress_runner.js:167415:23)\n    at Promise._settlePromiseFromHandler (http://localhost:36837/__cypress/runner/cypress_runner.js:165351:31)\n    at Promise._settlePromise (http://localhost:36837/__cypress/runner/cypress_runner.js:165408:18)\n    at Promise._settlePromise0 (http://localhost:36837/__cypress/runner/cypress_runner.js:165453:10)\n    at Promise._settlePromises (http://localhost:36837/__cypress/runner/cypress_runner.js:165528:18)\n    at Async../node_modules/bluebird/js/release/async.js.Async._drainQueue (http://localhost:36837/__cypress/runner/cypress_runner.js:162140:16)\n    at Async../node_modules/bluebird/js/release/async.js.Async._drainQueues (http://localhost:36837/__cypress/runner/cypress_runner.js:162150:10)\n    at Async.drainQueues (http://localhost:36837/__cypress/runner/cypress_runner.js:162024:14)",
                "diff": null
              },
              "uuid": "b6eab345-e265-423b-b6c3-222e8f383e2c",
              "parentUUID": "e72e4e27-4d92-4f85-a065-ecc17eeab3f1",
              "isHook": false,
              "skipped": false
            },
            {
              "title": "Verifica se o botão está posicionado ao lado do input",
              "fullTitle": "10 - Faça o quadro de pixels ter seu tamanho definido pelo usuário. Verifica se o botão está posicionado ao lado do input",
              "timedOut": null,
              "duration": 4222,
              "state": "failed",
              "speed": null,
              "pass": false,
              "fail": true,
              "pending": false,
              "context": null,
              "code": "cy.get('#board-size').then(function (board) {\n  cy.get('#generate-board').should('be.onTheRightOf', board);\n});",
              "err": {
                "message": "CypressError: Timed out retrying: Expected to find element: '#board-size', but never found it.",
                "estack": "CypressError: Timed out retrying: Expected to find element: '#board-size', but never found it.\n    at cypressErr (http://localhost:36837/__cypress/runner/cypress_runner.js:149934:9)\n    at throwErr (http://localhost:36837/__cypress/runner/cypress_runner.js:149867:11)\n    at Object.throwErrByPath (http://localhost:36837/__cypress/runner/cypress_runner.js:149915:3)\n    at retry (http://localhost:36837/__cypress/runner/cypress_runner.js:144197:19)\n    at onFailFn (http://localhost:36837/__cypress/runner/cypress_runner.js:132448:16)\n    at tryCatcher (http://localhost:36837/__cypress/runner/cypress_runner.js:167415:23)\n    at Promise._settlePromiseFromHandler (http://localhost:36837/__cypress/runner/cypress_runner.js:165351:31)\n    at Promise._settlePromise (http://localhost:36837/__cypress/runner/cypress_runner.js:165408:18)\n    at Promise._settlePromise0 (http://localhost:36837/__cypress/runner/cypress_runner.js:165453:10)\n    at Promise._settlePromises (http://localhost:36837/__cypress/runner/cypress_runner.js:165528:18)\n    at Async../node_modules/bluebird/js/release/async.js.Async._drainQueue (http://localhost:36837/__cypress/runner/cypress_runner.js:162140:16)\n    at Async../node_modules/bluebird/js/release/async.js.Async._drainQueues (http://localhost:36837/__cypress/runner/cypress_runner.js:162150:10)\n    at Async.drainQueues (http://localhost:36837/__cypress/runner/cypress_runner.js:162024:14)",
                "diff": null
              },
              "uuid": "f341be93-5e0b-4bec-84d0-dd81427f54d8",
              "parentUUID": "e72e4e27-4d92-4f85-a065-ecc17eeab3f1",
              "isHook": false,
              "skipped": false
            },
            {
              "title": "Verifica se nenhum valor for colocado no input ao clicar no botão, um `alert` é exibido com o texto: 'Board inválido!'",
              "fullTitle": "10 - Faça o quadro de pixels ter seu tamanho definido pelo usuário. Verifica se nenhum valor for colocado no input ao clicar no botão, um `alert` é exibido com o texto: 'Board inválido!'",
              "timedOut": null,
              "duration": 4267,
              "state": "failed",
              "speed": null,
              "pass": false,
              "fail": true,
              "pending": false,
              "context": null,
              "code": "var alerted = false;\ncy.on('window:alert', function (msg) {\n  return alerted = msg;\n});\ncy.get('#generate-board').click().then(function () {\n  return expect(alerted).to.match(/Board inválido!/i);\n});",
              "err": {
                "message": "CypressError: Timed out retrying: Expected to find element: '#generate-board', but never found it.",
                "estack": "CypressError: Timed out retrying: Expected to find element: '#generate-board', but never found it.\n    at cypressErr (http://localhost:36837/__cypress/runner/cypress_runner.js:149934:9)\n    at throwErr (http://localhost:36837/__cypress/runner/cypress_runner.js:149867:11)\n    at Object.throwErrByPath (http://localhost:36837/__cypress/runner/cypress_runner.js:149915:3)\n    at retry (http://localhost:36837/__cypress/runner/cypress_runner.js:144197:19)\n    at onFailFn (http://localhost:36837/__cypress/runner/cypress_runner.js:132448:16)\n    at tryCatcher (http://localhost:36837/__cypress/runner/cypress_runner.js:167415:23)\n    at Promise._settlePromiseFromHandler (http://localhost:36837/__cypress/runner/cypress_runner.js:165351:31)\n    at Promise._settlePromise (http://localhost:36837/__cypress/runner/cypress_runner.js:165408:18)\n    at Promise._settlePromise0 (http://localhost:36837/__cypress/runner/cypress_runner.js:165453:10)\n    at Promise._settlePromises (http://localhost:36837/__cypress/runner/cypress_runner.js:165528:18)\n    at Async../node_modules/bluebird/js/release/async.js.Async._drainQueue (http://localhost:36837/__cypress/runner/cypress_runner.js:162140:16)\n    at Async../node_modules/bluebird/js/release/async.js.Async._drainQueues (http://localhost:36837/__cypress/runner/cypress_runner.js:162150:10)\n    at Async.drainQueues (http://localhost:36837/__cypress/runner/cypress_runner.js:162024:14)",
                "diff": null
              },
              "uuid": "22d08d9a-20a2-4e2f-80f9-2e60185a52cb",
              "parentUUID": "e72e4e27-4d92-4f85-a065-ecc17eeab3f1",
              "isHook": false,
              "skipped": false
            },
            {
              "title": "Verifica se ao clicar no botão com um valor preenchido, o tamanho do board muda.",
              "fullTitle": "10 - Faça o quadro de pixels ter seu tamanho definido pelo usuário. Verifica se ao clicar no botão com um valor preenchido, o tamanho do board muda.",
              "timedOut": null,
              "duration": 4249,
              "state": "failed",
              "speed": null,
              "pass": false,
              "fail": true,
              "pending": false,
              "context": null,
              "code": "cy.get('#board-size').clear().type(10);\ncy.get('#generate-board').click();\ncy.get('.pixel').should('have.length', 100);",
              "err": {
                "message": "CypressError: Timed out retrying: Expected to find element: '#board-size', but never found it.",
                "estack": "CypressError: Timed out retrying: Expected to find element: '#board-size', but never found it.\n    at cypressErr (http://localhost:36837/__cypress/runner/cypress_runner.js:149934:9)\n    at throwErr (http://localhost:36837/__cypress/runner/cypress_runner.js:149867:11)\n    at Object.throwErrByPath (http://localhost:36837/__cypress/runner/cypress_runner.js:149915:3)\n    at retry (http://localhost:36837/__cypress/runner/cypress_runner.js:144197:19)\n    at onFailFn (http://localhost:36837/__cypress/runner/cypress_runner.js:132448:16)\n    at tryCatcher (http://localhost:36837/__cypress/runner/cypress_runner.js:167415:23)\n    at Promise._settlePromiseFromHandler (http://localhost:36837/__cypress/runner/cypress_runner.js:165351:31)\n    at Promise._settlePromise (http://localhost:36837/__cypress/runner/cypress_runner.js:165408:18)\n    at Promise._settlePromise0 (http://localhost:36837/__cypress/runner/cypress_runner.js:165453:10)\n    at Promise._settlePromises (http://localhost:36837/__cypress/runner/cypress_runner.js:165528:18)\n    at Async../node_modules/bluebird/js/release/async.js.Async._drainQueue (http://localhost:36837/__cypress/runner/cypress_runner.js:162140:16)\n    at Async../node_modules/bluebird/js/release/async.js.Async._drainQueues (http://localhost:36837/__cypress/runner/cypress_runner.js:162150:10)\n    at Async.drainQueues (http://localhost:36837/__cypress/runner/cypress_runner.js:162024:14)",
                "diff": null
              },
              "uuid": "e83e01ce-cb55-46b9-8510-528e8fa82442",
              "parentUUID": "e72e4e27-4d92-4f85-a065-ecc17eeab3f1",
              "isHook": false,
              "skipped": false
            },
            {
              "title": "Verifica se o novo quadro tem todos os pixels preenchidos com a cor branca",
              "fullTitle": "10 - Faça o quadro de pixels ter seu tamanho definido pelo usuário. Verifica se o novo quadro tem todos os pixels preenchidos com a cor branca",
              "timedOut": null,
              "duration": 4237,
              "state": "failed",
              "speed": null,
              "pass": false,
              "fail": true,
              "pending": false,
              "context": null,
              "code": "cy.get('#board-size').clear().type(6);\ncy.get('#generate-board').click();\ncy.get('.pixel').should('have.length', 36).each(function (pixel) {\n  expect(pixel).to.have.css('background-color', WHITE);\n});",
              "err": {
                "message": "CypressError: Timed out retrying: Expected to find element: '#board-size', but never found it.",
                "estack": "CypressError: Timed out retrying: Expected to find element: '#board-size', but never found it.\n    at cypressErr (http://localhost:36837/__cypress/runner/cypress_runner.js:149934:9)\n    at throwErr (http://localhost:36837/__cypress/runner/cypress_runner.js:149867:11)\n    at Object.throwErrByPath (http://localhost:36837/__cypress/runner/cypress_runner.js:149915:3)\n    at retry (http://localhost:36837/__cypress/runner/cypress_runner.js:144197:19)\n    at onFailFn (http://localhost:36837/__cypress/runner/cypress_runner.js:132448:16)\n    at tryCatcher (http://localhost:36837/__cypress/runner/cypress_runner.js:167415:23)\n    at Promise._settlePromiseFromHandler (http://localhost:36837/__cypress/runner/cypress_runner.js:165351:31)\n    at Promise._settlePromise (http://localhost:36837/__cypress/runner/cypress_runner.js:165408:18)\n    at Promise._settlePromise0 (http://localhost:36837/__cypress/runner/cypress_runner.js:165453:10)\n    at Promise._settlePromises (http://localhost:36837/__cypress/runner/cypress_runner.js:165528:18)\n    at Async../node_modules/bluebird/js/release/async.js.Async._drainQueue (http://localhost:36837/__cypress/runner/cypress_runner.js:162140:16)\n    at Async../node_modules/bluebird/js/release/async.js.Async._drainQueues (http://localhost:36837/__cypress/runner/cypress_runner.js:162150:10)\n    at Async.drainQueues (http://localhost:36837/__cypress/runner/cypress_runner.js:162024:14)",
                "diff": null
              },
              "uuid": "be69b25e-8700-4dd0-abfe-bca9f66b6ab2",
              "parentUUID": "e72e4e27-4d92-4f85-a065-ecc17eeab3f1",
              "isHook": false,
              "skipped": false
            }
          ],
          "suites": [],
          "passes": [],
          "failures": [
            "aecf0d8c-8d95-4126-96f3-354575be3489",
            "4443850c-bfd8-4024-bf9f-3568c12d7dda",
            "1f8ef181-3a88-4341-9e82-af3b023e4cc1",
            "852e72b4-e825-43bc-8e81-1f3fab77fe87",
            "b6eab345-e265-423b-b6c3-222e8f383e2c",
            "f341be93-5e0b-4bec-84d0-dd81427f54d8",
            "22d08d9a-20a2-4e2f-80f9-2e60185a52cb",
            "e83e01ce-cb55-46b9-8510-528e8fa82442",
            "be69b25e-8700-4dd0-abfe-bca9f66b6ab2"
          ],
          "pending": [],
          "skipped": [],
          "duration": 38231,
          "root": false,
          "rootEmpty": false,
          "_timeout": 2000
        },
        {
          "uuid": "c315fe2f-9c38-4723-9f8c-1048efba7c60",
          "title": "11 - Limite o tamanho mínimo e máximo do board.",
          "fullFile": "",
          "file": "",
          "beforeHooks": [],
          "afterHooks": [],
          "tests": [
            {
              "title": "Verifica se a altura máxima do board é 50",
              "fullTitle": "11 - Limite o tamanho mínimo e máximo do board. Verifica se a altura máxima do board é 50",
              "timedOut": null,
              "duration": 4232,
              "state": "failed",
              "speed": null,
              "pass": false,
              "fail": true,
              "pending": false,
              "context": null,
              "code": "cy.get('#board-size').clear().type(50);\ncy.get('#generate-board').click();\ncy.get('.pixel').should('have.length', 2500);",
              "err": {
                "message": "CypressError: Timed out retrying: Expected to find element: '#board-size', but never found it.",
                "estack": "CypressError: Timed out retrying: Expected to find element: '#board-size', but never found it.\n    at cypressErr (http://localhost:36837/__cypress/runner/cypress_runner.js:149934:9)\n    at throwErr (http://localhost:36837/__cypress/runner/cypress_runner.js:149867:11)\n    at Object.throwErrByPath (http://localhost:36837/__cypress/runner/cypress_runner.js:149915:3)\n    at retry (http://localhost:36837/__cypress/runner/cypress_runner.js:144197:19)\n    at onFailFn (http://localhost:36837/__cypress/runner/cypress_runner.js:132448:16)\n    at tryCatcher (http://localhost:36837/__cypress/runner/cypress_runner.js:167415:23)\n    at Promise._settlePromiseFromHandler (http://localhost:36837/__cypress/runner/cypress_runner.js:165351:31)\n    at Promise._settlePromise (http://localhost:36837/__cypress/runner/cypress_runner.js:165408:18)\n    at Promise._settlePromise0 (http://localhost:36837/__cypress/runner/cypress_runner.js:165453:10)\n    at Promise._settlePromises (http://localhost:36837/__cypress/runner/cypress_runner.js:165528:18)\n    at Async../node_modules/bluebird/js/release/async.js.Async._drainQueue (http://localhost:36837/__cypress/runner/cypress_runner.js:162140:16)\n    at Async../node_modules/bluebird/js/release/async.js.Async._drainQueues (http://localhost:36837/__cypress/runner/cypress_runner.js:162150:10)\n    at Async.drainQueues (http://localhost:36837/__cypress/runner/cypress_runner.js:162024:14)",
                "diff": null
              },
              "uuid": "02a6f69e-f205-4262-964d-ede429e102b1",
              "parentUUID": "c315fe2f-9c38-4723-9f8c-1048efba7c60",
              "isHook": false,
              "skipped": false
            },
            {
              "title": "Verifica se a altura do board é 5 quando um valor menor é colocado no input",
              "fullTitle": "11 - Limite o tamanho mínimo e máximo do board. Verifica se a altura do board é 5 quando um valor menor é colocado no input",
              "timedOut": null,
              "duration": 4261,
              "state": "failed",
              "speed": null,
              "pass": false,
              "fail": true,
              "pending": false,
              "context": null,
              "code": "cy.get('#board-size').clear().type(4);\ncy.get('#generate-board').click();\ncy.get('.pixel').should('have.length', 25);",
              "err": {
                "message": "CypressError: Timed out retrying: Expected to find element: '#board-size', but never found it.",
                "estack": "CypressError: Timed out retrying: Expected to find element: '#board-size', but never found it.\n    at cypressErr (http://localhost:36837/__cypress/runner/cypress_runner.js:149934:9)\n    at throwErr (http://localhost:36837/__cypress/runner/cypress_runner.js:149867:11)\n    at Object.throwErrByPath (http://localhost:36837/__cypress/runner/cypress_runner.js:149915:3)\n    at retry (http://localhost:36837/__cypress/runner/cypress_runner.js:144197:19)\n    at onFailFn (http://localhost:36837/__cypress/runner/cypress_runner.js:132448:16)\n    at tryCatcher (http://localhost:36837/__cypress/runner/cypress_runner.js:167415:23)\n    at Promise._settlePromiseFromHandler (http://localhost:36837/__cypress/runner/cypress_runner.js:165351:31)\n    at Promise._settlePromise (http://localhost:36837/__cypress/runner/cypress_runner.js:165408:18)\n    at Promise._settlePromise0 (http://localhost:36837/__cypress/runner/cypress_runner.js:165453:10)\n    at Promise._settlePromises (http://localhost:36837/__cypress/runner/cypress_runner.js:165528:18)\n    at Async../node_modules/bluebird/js/release/async.js.Async._drainQueue (http://localhost:36837/__cypress/runner/cypress_runner.js:162140:16)\n    at Async../node_modules/bluebird/js/release/async.js.Async._drainQueues (http://localhost:36837/__cypress/runner/cypress_runner.js:162150:10)\n    at Async.drainQueues (http://localhost:36837/__cypress/runner/cypress_runner.js:162024:14)",
                "diff": null
              },
              "uuid": "44a68510-bcdc-41cb-88ae-d0c51a815d3c",
              "parentUUID": "c315fe2f-9c38-4723-9f8c-1048efba7c60",
              "isHook": false,
              "skipped": false
            },
            {
              "title": "Verifica se a altura do board é 50 quando um valor maior é colocado no input",
              "fullTitle": "11 - Limite o tamanho mínimo e máximo do board. Verifica se a altura do board é 50 quando um valor maior é colocado no input",
              "timedOut": null,
              "duration": 4218,
              "state": "failed",
              "speed": null,
              "pass": false,
              "fail": true,
              "pending": false,
              "context": null,
              "code": "cy.get('#board-size').clear().type(51);\ncy.get('#generate-board').click();\ncy.get('.pixel').should('have.length', 2500);",
              "err": {
                "message": "CypressError: Timed out retrying: Expected to find element: '#board-size', but never found it.",
                "estack": "CypressError: Timed out retrying: Expected to find element: '#board-size', but never found it.\n    at cypressErr (http://localhost:36837/__cypress/runner/cypress_runner.js:149934:9)\n    at throwErr (http://localhost:36837/__cypress/runner/cypress_runner.js:149867:11)\n    at Object.throwErrByPath (http://localhost:36837/__cypress/runner/cypress_runner.js:149915:3)\n    at retry (http://localhost:36837/__cypress/runner/cypress_runner.js:144197:19)\n    at onFailFn (http://localhost:36837/__cypress/runner/cypress_runner.js:132448:16)\n    at tryCatcher (http://localhost:36837/__cypress/runner/cypress_runner.js:167415:23)\n    at Promise._settlePromiseFromHandler (http://localhost:36837/__cypress/runner/cypress_runner.js:165351:31)\n    at Promise._settlePromise (http://localhost:36837/__cypress/runner/cypress_runner.js:165408:18)\n    at Promise._settlePromise0 (http://localhost:36837/__cypress/runner/cypress_runner.js:165453:10)\n    at Promise._settlePromises (http://localhost:36837/__cypress/runner/cypress_runner.js:165528:18)\n    at Async../node_modules/bluebird/js/release/async.js.Async._drainQueue (http://localhost:36837/__cypress/runner/cypress_runner.js:162140:16)\n    at Async../node_modules/bluebird/js/release/async.js.Async._drainQueues (http://localhost:36837/__cypress/runner/cypress_runner.js:162150:10)\n    at Async.drainQueues (http://localhost:36837/__cypress/runner/cypress_runner.js:162024:14)",
                "diff": null
              },
              "uuid": "688fb222-aedd-441e-beea-788461d76d5b",
              "parentUUID": "c315fe2f-9c38-4723-9f8c-1048efba7c60",
              "isHook": false,
              "skipped": false
            }
          ],
          "suites": [],
          "passes": [],
          "failures": [
            "02a6f69e-f205-4262-964d-ede429e102b1",
            "44a68510-bcdc-41cb-88ae-d0c51a815d3c",
            "688fb222-aedd-441e-beea-788461d76d5b"
          ],
          "pending": [],
          "skipped": [],
          "duration": 12711,
          "root": false,
          "rootEmpty": false,
          "_timeout": 2000
        },
        {
          "uuid": "aedffe07-c0e9-4599-a825-1d5bcb3a4167",
          "title": "12 - Faça com que as cores da paleta sejam geradas aleatoriamente ao carregar a página.",
          "fullFile": "",
          "file": "",
          "beforeHooks": [],
          "afterHooks": [],
          "tests": [
            {
              "title": "Verifica se as cores geradas na paleta são diferentes a cada carregamento da página",
              "fullTitle": "12 - Faça com que as cores da paleta sejam geradas aleatoriamente ao carregar a página. Verifica se as cores geradas na paleta são diferentes a cada carregamento da página",
              "timedOut": null,
              "duration": 331,
              "state": "failed",
              "speed": null,
              "pass": false,
              "fail": true,
              "pending": false,
              "context": null,
              "code": "cy.get('.color').then(function (colors) {\n  var currentColors;\n  var previousColors;\n  previousColors = Array.from(colors).map(function (color) {\n    return Cypress.$(color).css('background-color');\n  });\n  for (var i = 0; i < 5; i += 1) {\n    cy.reload();\n    cy.get('.color').then(function (colors) {\n      currentColors = Array.from(colors).map(function (color) {\n        return Cypress.$(color).css('background-color');\n      });\n      expect(currentColors).not.to.deep.equal(previousColors);\n      previousColors = currentColors;\n    });\n  }\n});",
              "err": {
                "message": "AssertionError: expected [ Array(4) ] to not deeply equal [ Array(4) ]",
                "estack": "AssertionError: expected [ Array(4) ] to not deeply equal [ Array(4) ]\n    at getRet (http://localhost:36837/__cypress/runner/cypress_runner.js:136585:16)\n    at tryCatcher (http://localhost:36837/__cypress/runner/cypress_runner.js:167415:23)\n    at Function.Promise.attempt.Promise.try (http://localhost:36837/__cypress/runner/cypress_runner.js:164690:29)\n    at Context.thenFn (http://localhost:36837/__cypress/runner/cypress_runner.js:136599:23)\n    at Context.then (http://localhost:36837/__cypress/runner/cypress_runner.js:136971:21)\n    at Context.<anonymous> (http://localhost:36837/__cypress/runner/cypress_runner.js:148875:21)\n    at http://localhost:36837/__cypress/runner/cypress_runner.js:148351:33\n    at tryCatcher (http://localhost:36837/__cypress/runner/cypress_runner.js:167415:23)\n    at Promise._settlePromiseFromHandler (http://localhost:36837/__cypress/runner/cypress_runner.js:165351:31)\n    at Promise._settlePromise (http://localhost:36837/__cypress/runner/cypress_runner.js:165408:18)\n    at Promise._settlePromiseCtx (http://localhost:36837/__cypress/runner/cypress_runner.js:165445:10)\n    at Async../node_modules/bluebird/js/release/async.js.Async._drainQueue (http://localhost:36837/__cypress/runner/cypress_runner.js:162145:12)\n    at Async../node_modules/bluebird/js/release/async.js.Async._drainQueues (http://localhost:36837/__cypress/runner/cypress_runner.js:162150:10)\n    at Async.drainQueues (http://localhost:36837/__cypress/runner/cypress_runner.js:162024:14)",
                "diff": ""
              },
              "uuid": "cc2a57b9-4c6a-4fab-b9c8-75be79cdc9c3",
              "parentUUID": "aedffe07-c0e9-4599-a825-1d5bcb3a4167",
              "isHook": false,
              "skipped": false
            },
            {
              "title": "Verifica se a cor preta ainda está presente e é a primeira na sua paleta de cores",
              "fullTitle": "12 - Faça com que as cores da paleta sejam geradas aleatoriamente ao carregar a página. Verifica se a cor preta ainda está presente e é a primeira na sua paleta de cores",
              "timedOut": null,
              "duration": 298,
              "state": "failed",
              "speed": null,
              "pass": false,
              "fail": true,
              "pending": false,
              "context": null,
              "code": "cy.get('.color').then(function (colors) {\n  var currentColors;\n  var previousColors;\n  previousColors = Array.from(colors).map(function (color) {\n    return Cypress.$(color).css('background-color');\n  });\n  expect(previousColors[0]).to.eq(BLACK);\n  for (var i = 0; i < 5; i += 1) {\n    cy.reload();\n    cy.get('.color').then(function (colors) {\n      currentColors = Array.from(colors).map(function (color) {\n        return Cypress.$(color).css('background-color');\n      });\n      expect(currentColors[0]).to.eq(BLACK);\n      expect(currentColors).not.to.deep.equal(previousColors);\n      previousColors = currentColors;\n    });\n  }\n});",
              "err": {
                "message": "AssertionError: expected [ Array(4) ] to not deeply equal [ Array(4) ]",
                "estack": "AssertionError: expected [ Array(4) ] to not deeply equal [ Array(4) ]\n    at getRet (http://localhost:36837/__cypress/runner/cypress_runner.js:136585:16)\n    at tryCatcher (http://localhost:36837/__cypress/runner/cypress_runner.js:167415:23)\n    at Function.Promise.attempt.Promise.try (http://localhost:36837/__cypress/runner/cypress_runner.js:164690:29)\n    at Context.thenFn (http://localhost:36837/__cypress/runner/cypress_runner.js:136599:23)\n    at Context.then (http://localhost:36837/__cypress/runner/cypress_runner.js:136971:21)\n    at Context.<anonymous> (http://localhost:36837/__cypress/runner/cypress_runner.js:148875:21)\n    at http://localhost:36837/__cypress/runner/cypress_runner.js:148351:33\n    at tryCatcher (http://localhost:36837/__cypress/runner/cypress_runner.js:167415:23)\n    at Promise._settlePromiseFromHandler (http://localhost:36837/__cypress/runner/cypress_runner.js:165351:31)\n    at Promise._settlePromise (http://localhost:36837/__cypress/runner/cypress_runner.js:165408:18)\n    at Promise._settlePromiseCtx (http://localhost:36837/__cypress/runner/cypress_runner.js:165445:10)\n    at Async../node_modules/bluebird/js/release/async.js.Async._drainQueue (http://localhost:36837/__cypress/runner/cypress_runner.js:162145:12)\n    at Async../node_modules/bluebird/js/release/async.js.Async._drainQueues (http://localhost:36837/__cypress/runner/cypress_runner.js:162150:10)\n    at Async.drainQueues (http://localhost:36837/__cypress/runner/cypress_runner.js:162024:14)",
                "diff": ""
              },
              "uuid": "435638b2-4cd6-410e-a477-4cb0bf36aca2",
              "parentUUID": "aedffe07-c0e9-4599-a825-1d5bcb3a4167",
              "isHook": false,
              "skipped": false
            }
          ],
          "suites": [],
          "passes": [],
          "failures": [
            "cc2a57b9-4c6a-4fab-b9c8-75be79cdc9c3",
            "435638b2-4cd6-410e-a477-4cb0bf36aca2"
          ],
          "pending": [],
          "skipped": [],
          "duration": 629,
          "root": false,
          "rootEmpty": false,
          "_timeout": 2000
        }
      ],
      "passes": [],
      "failures": [],
      "pending": [],
      "skipped": [],
      "duration": 0,
      "root": true,
      "rootEmpty": true,
      "_timeout": 2000
    }
  ],
  "meta": {
    "mocha": {
      "version": "7.0.1"
    },
    "mochawesome": {
      "options": {
        "quiet": false,
        "reportFilename": "mochawesome",
        "saveHtml": false,
        "saveJson": true,
        "consoleReporter": "spec",
        "useInlineDiffs": false
      },
      "version": "4.1.0"
    },
    "marge": {
      "options": {
        "id": "default",
        "reportDir": "cypress/reports",
        "overwrite": true,
        "html": false,
        "json": true
      },
      "version": "4.1.0"
    }
  }
}